<?xml version="1.0" encoding="UTF-8"?>
<testsuite name="com.znzn.book.springboot.domain.posts.PostsRepositoryTest" tests="2" skipped="0" failures="0" errors="0" timestamp="2020-06-03T05:11:16" hostname="DESKTOP-RO1RAIN" time="0.63">
  <properties/>
  <testcase name="BaseTimeEntity_등록" classname="com.znzn.book.springboot.domain.posts.PostsRepositoryTest" time="0.576"/>
  <testcase name="게시글_불러오기" classname="com.znzn.book.springboot.domain.posts.PostsRepositoryTest" time="0.053"/>
  <system-out><![CDATA[14:10:58.468 [Test worker] DEBUG org.springframework.test.context.junit4.SpringJUnit4ClassRunner - SpringJUnit4ClassRunner constructor called with [class com.znzn.book.springboot.domain.posts.PostsRepositoryTest]
14:10:58.505 [Test worker] DEBUG org.springframework.test.context.BootstrapUtils - Instantiating CacheAwareContextLoaderDelegate from class [org.springframework.test.context.cache.DefaultCacheAwareContextLoaderDelegate]
14:10:58.527 [Test worker] DEBUG org.springframework.test.context.BootstrapUtils - Instantiating BootstrapContext using constructor [public org.springframework.test.context.support.DefaultBootstrapContext(java.lang.Class,org.springframework.test.context.CacheAwareContextLoaderDelegate)]
14:10:58.579 [Test worker] DEBUG org.springframework.test.context.BootstrapUtils - Instantiating TestContextBootstrapper for test class [com.znzn.book.springboot.domain.posts.PostsRepositoryTest] from class [org.springframework.boot.test.context.SpringBootTestContextBootstrapper]
14:10:58.615 [Test worker] INFO org.springframework.boot.test.context.SpringBootTestContextBootstrapper - Neither @ContextConfiguration nor @ContextHierarchy found for test class [com.znzn.book.springboot.domain.posts.PostsRepositoryTest], using SpringBootContextLoader
14:10:58.625 [Test worker] DEBUG org.springframework.test.context.support.AbstractContextLoader - Did not detect default resource location for test class [com.znzn.book.springboot.domain.posts.PostsRepositoryTest]: class path resource [com/znzn/book/springboot/domain/posts/PostsRepositoryTest-context.xml] does not exist
14:10:58.627 [Test worker] DEBUG org.springframework.test.context.support.AbstractContextLoader - Did not detect default resource location for test class [com.znzn.book.springboot.domain.posts.PostsRepositoryTest]: class path resource [com/znzn/book/springboot/domain/posts/PostsRepositoryTestContext.groovy] does not exist
14:10:58.628 [Test worker] INFO org.springframework.test.context.support.AbstractContextLoader - Could not detect default resource locations for test class [com.znzn.book.springboot.domain.posts.PostsRepositoryTest]: no resource found for suffixes {-context.xml, Context.groovy}.
14:10:58.632 [Test worker] INFO org.springframework.test.context.support.AnnotationConfigContextLoaderUtils - Could not detect default configuration classes for test class [com.znzn.book.springboot.domain.posts.PostsRepositoryTest]: PostsRepositoryTest does not declare any static, non-private, non-final, nested classes annotated with @Configuration.
14:10:58.743 [Test worker] DEBUG org.springframework.test.context.support.ActiveProfilesUtils - Could not find an 'annotation declaring class' for annotation type [org.springframework.test.context.ActiveProfiles] and class [com.znzn.book.springboot.domain.posts.PostsRepositoryTest]
14:10:58.980 [Test worker] DEBUG org.springframework.context.annotation.ClassPathScanningCandidateComponentProvider - Identified candidate component class: file [D:\znzn9292\znzn01\build\classes\java\test\com\znzn\book\springboot\Application.class]
14:10:58.987 [Test worker] DEBUG org.springframework.context.annotation.ClassPathScanningCandidateComponentProvider - Identified candidate component class: file [D:\znzn9292\znzn01\build\classes\java\main\com\znzn\book\springboot\Application.class]
14:10:58.995 [Test worker] INFO org.springframework.boot.test.context.SpringBootTestContextBootstrapper - Found @SpringBootConfiguration com.znzn.book.springboot.Application for test class com.znzn.book.springboot.domain.posts.PostsRepositoryTest
14:10:59.332 [Test worker] DEBUG org.springframework.boot.test.context.SpringBootTestContextBootstrapper - @TestExecutionListeners is not present for class [com.znzn.book.springboot.domain.posts.PostsRepositoryTest]: using defaults.
14:10:59.334 [Test worker] INFO org.springframework.boot.test.context.SpringBootTestContextBootstrapper - Loaded default TestExecutionListener class names from location [META-INF/spring.factories]: [org.springframework.security.test.context.support.WithSecurityContextTestExecutionListener, org.springframework.security.test.context.support.ReactorContextTestExecutionListener, org.springframework.boot.test.autoconfigure.restdocs.RestDocsTestExecutionListener, org.springframework.boot.test.autoconfigure.web.client.MockRestServiceServerResetTestExecutionListener, org.springframework.boot.test.autoconfigure.web.servlet.MockMvcPrintOnlyOnFailureTestExecutionListener, org.springframework.boot.test.autoconfigure.web.servlet.WebDriverTestExecutionListener, org.springframework.boot.test.mock.mockito.MockitoTestExecutionListener, org.springframework.boot.test.mock.mockito.ResetMocksTestExecutionListener, org.springframework.test.context.web.ServletTestExecutionListener, org.springframework.test.context.support.DirtiesContextBeforeModesTestExecutionListener, org.springframework.test.context.support.DependencyInjectionTestExecutionListener, org.springframework.test.context.support.DirtiesContextTestExecutionListener, org.springframework.test.context.transaction.TransactionalTestExecutionListener, org.springframework.test.context.jdbc.SqlScriptsTestExecutionListener]
14:10:59.409 [Test worker] INFO org.springframework.boot.test.context.SpringBootTestContextBootstrapper - Using TestExecutionListeners: [org.springframework.test.context.web.ServletTestExecutionListener@3222b3bd, org.springframework.test.context.support.DirtiesContextBeforeModesTestExecutionListener@563cfc92, org.springframework.boot.test.mock.mockito.MockitoTestExecutionListener@612ddb23, org.springframework.boot.test.autoconfigure.SpringBootDependencyInjectionTestExecutionListener@6057f88d, org.springframework.test.context.support.DirtiesContextTestExecutionListener@474f0061, org.springframework.test.context.transaction.TransactionalTestExecutionListener@76a6bc76, org.springframework.test.context.jdbc.SqlScriptsTestExecutionListener@795d8542, org.springframework.security.test.context.support.WithSecurityContextTestExecutionListener@26918974, org.springframework.security.test.context.support.ReactorContextTestExecutionListener@19e2c9cf, org.springframework.boot.test.autoconfigure.restdocs.RestDocsTestExecutionListener@5ae48389, org.springframework.boot.test.autoconfigure.web.client.MockRestServiceServerResetTestExecutionListener@4f066a02, org.springframework.boot.test.autoconfigure.web.servlet.MockMvcPrintOnlyOnFailureTestExecutionListener@657680bf, org.springframework.boot.test.autoconfigure.web.servlet.WebDriverTestExecutionListener@6ad5916f, org.springframework.boot.test.mock.mockito.ResetMocksTestExecutionListener@1453af77]
14:10:59.434 [Test worker] DEBUG org.springframework.test.annotation.ProfileValueUtils - Retrieved @ProfileValueSourceConfiguration [null] for test class [com.znzn.book.springboot.domain.posts.PostsRepositoryTest]
14:10:59.438 [Test worker] DEBUG org.springframework.test.annotation.ProfileValueUtils - Retrieved ProfileValueSource type [class org.springframework.test.annotation.SystemProfileValueSource] for class [com.znzn.book.springboot.domain.posts.PostsRepositoryTest]
14:10:59.440 [Test worker] DEBUG org.springframework.test.annotation.ProfileValueUtils - Retrieved @ProfileValueSourceConfiguration [null] for test class [com.znzn.book.springboot.domain.posts.PostsRepositoryTest]
14:10:59.441 [Test worker] DEBUG org.springframework.test.annotation.ProfileValueUtils - Retrieved ProfileValueSource type [class org.springframework.test.annotation.SystemProfileValueSource] for class [com.znzn.book.springboot.domain.posts.PostsRepositoryTest]
14:10:59.458 [Test worker] DEBUG org.springframework.test.context.support.AbstractDirtiesContextTestExecutionListener - Before test class: context [DefaultTestContext@28b3470 testClass = PostsRepositoryTest, testInstance = [null], testMethod = [null], testException = [null], mergedContextConfiguration = [WebMergedContextConfiguration@67001c9 testClass = PostsRepositoryTest, locations = '{}', classes = '{class com.znzn.book.springboot.Application}', contextInitializerClasses = '[]', activeProfiles = '{}', propertySourceLocations = '{}', propertySourceProperties = '{org.springframework.boot.test.context.SpringBootTestContextBootstrapper=true}', contextCustomizers = set[org.springframework.boot.test.autoconfigure.properties.PropertyMappingContextCustomizer@0, org.springframework.boot.test.autoconfigure.web.servlet.WebDriverContextCustomizerFactory$Customizer@5dc57c9b, org.springframework.boot.test.context.filter.ExcludeFilterContextCustomizer@6b085fb1, org.springframework.boot.test.json.DuplicateJsonObjectContextCustomizerFactory$DuplicateJsonObjectContextCustomizer@67078650, org.springframework.boot.test.mock.mockito.MockitoContextCustomizer@0, org.springframework.boot.test.web.client.TestRestTemplateContextCustomizer@62995b9c], resourceBasePath = 'src/main/webapp', contextLoader = 'org.springframework.boot.test.context.SpringBootContextLoader', parent = [null]], attributes = map['org.springframework.test.context.web.ServletTestExecutionListener.activateListener' -> true]], class annotated with @DirtiesContext [false] with mode [null].
14:10:59.462 [Test worker] DEBUG org.springframework.test.annotation.ProfileValueUtils - Retrieved @ProfileValueSourceConfiguration [null] for test class [com.znzn.book.springboot.domain.posts.PostsRepositoryTest]
14:10:59.463 [Test worker] DEBUG org.springframework.test.annotation.ProfileValueUtils - Retrieved ProfileValueSource type [class org.springframework.test.annotation.SystemProfileValueSource] for class [com.znzn.book.springboot.domain.posts.PostsRepositoryTest]
14:10:59.548 [Test worker] DEBUG org.springframework.test.context.support.TestPropertySourceUtils - Adding inlined properties to environment: {spring.jmx.enabled=false, org.springframework.boot.test.context.SpringBootTestContextBootstrapper=true, server.port=-1}

  .   ____          _            __ _ _
 /\\ / ___'_ __ _ _(_)_ __  __ _ \ \ \ \
( ( )\___ | '_ | '_| | '_ \/ _` | \ \ \ \
 \\/  ___)| |_)| | | | | || (_| |  ) ) ) )
  '  |____| .__|_| |_|_| |_\__, | / / / /
 =========|_|==============|___/=/_/_/_/
 :: Spring Boot ::        (v2.1.7.RELEASE)

2020-06-03 14:11:00.354  INFO 9688 --- [    Test worker] c.z.b.s.d.posts.PostsRepositoryTest      : Starting PostsRepositoryTest on DESKTOP-RO1RAIN with PID 9688 (started by n2soft_JUNG in D:\znzn9292\znzn01)
2020-06-03 14:11:00.356  INFO 9688 --- [    Test worker] c.z.b.s.d.posts.PostsRepositoryTest      : No active profile set, falling back to default profiles: default
2020-06-03 14:11:03.002  INFO 9688 --- [    Test worker] .s.d.r.c.RepositoryConfigurationDelegate : Bootstrapping Spring Data repositories in DEFAULT mode.
2020-06-03 14:11:03.156  INFO 9688 --- [    Test worker] .s.d.r.c.RepositoryConfigurationDelegate : Finished Spring Data repository scanning in 137ms. Found 2 repository interfaces.
2020-06-03 14:11:04.373  INFO 9688 --- [    Test worker] trationDelegate$BeanPostProcessorChecker : Bean 'org.springframework.transaction.annotation.ProxyTransactionManagementConfiguration' of type [org.springframework.transaction.annotation.ProxyTransactionManagementConfiguration$$EnhancerBySpringCGLIB$$3863c237] is not eligible for getting processed by all BeanPostProcessors (for example: not eligible for auto-proxying)
2020-06-03 14:11:05.034  INFO 9688 --- [    Test worker] com.zaxxer.hikari.HikariDataSource       : HikariPool-1 - Starting...
2020-06-03 14:11:05.373  INFO 9688 --- [    Test worker] com.zaxxer.hikari.HikariDataSource       : HikariPool-1 - Start completed.
2020-06-03 14:11:05.613  INFO 9688 --- [    Test worker] o.hibernate.jpa.internal.util.LogHelper  : HHH000204: Processing PersistenceUnitInfo [
	name: default
	...]
2020-06-03 14:11:05.939  INFO 9688 --- [    Test worker] org.hibernate.Version                    : HHH000412: Hibernate Core {5.3.10.Final}
2020-06-03 14:11:05.944  INFO 9688 --- [    Test worker] org.hibernate.cfg.Environment            : HHH000206: hibernate.properties not found
2020-06-03 14:11:06.462  INFO 9688 --- [    Test worker] o.hibernate.annotations.common.Version   : HCANN000001: Hibernate Commons Annotations {5.0.4.Final}
2020-06-03 14:11:07.011  INFO 9688 --- [    Test worker] org.hibernate.dialect.Dialect            : HHH000400: Using dialect: org.hibernate.dialect.MySQL5InnoDBDialect
Hibernate: drop table if exists posts
Hibernate: drop table if exists user
Hibernate: create table posts (id bigint not null auto_increment, created_date datetime, modified_date datetime, author varchar(255), content TEXT not null, title varchar(500) not null, primary key (id)) engine=InnoDB
Hibernate: create table user (id bigint not null auto_increment, created_date datetime, modified_date datetime, email varchar(255) not null, name varchar(255) not null, picture varchar(255), role varchar(255) not null, primary key (id)) engine=InnoDB
2020-06-03 14:11:08.699  INFO 9688 --- [    Test worker] o.h.t.schema.internal.SchemaCreatorImpl  : HHH000476: Executing import script 'org.hibernate.tool.schema.internal.exec.ScriptSourceInputNonExistentImpl@3cc80f1a'
2020-06-03 14:11:08.715  INFO 9688 --- [    Test worker] j.LocalContainerEntityManagerFactoryBean : Initialized JPA EntityManagerFactory for persistence unit 'default'
2020-06-03 14:11:10.750  INFO 9688 --- [    Test worker] o.h.h.i.QueryTranslatorFactoryInitiator  : HHH000397: Using ASTQueryTranslatorFactory
2020-06-03 14:11:12.685  INFO 9688 --- [    Test worker] o.s.s.web.DefaultSecurityFilterChain     : Creating filter chain: any request, [org.springframework.security.web.context.request.async.WebAsyncManagerIntegrationFilter@4eabf90a, org.springframework.security.web.context.SecurityContextPersistenceFilter@478ee34a, org.springframework.security.web.header.HeaderWriterFilter@37c009e4, org.springframework.security.web.authentication.logout.LogoutFilter@20a1455a, org.springframework.security.oauth2.client.web.OAuth2AuthorizationRequestRedirectFilter@78c3fe8e, org.springframework.security.oauth2.client.web.OAuth2LoginAuthenticationFilter@1c7aceeb, org.springframework.security.web.authentication.ui.DefaultLoginPageGeneratingFilter@6d06168e, org.springframework.security.web.authentication.ui.DefaultLogoutPageGeneratingFilter@6936fc79, org.springframework.security.web.savedrequest.RequestCacheAwareFilter@6e605082, org.springframework.security.web.servletapi.SecurityContextHolderAwareRequestFilter@22534eea, org.springframework.security.web.authentication.AnonymousAuthenticationFilter@5a507416, org.springframework.security.web.session.SessionManagementFilter@7974a8d0, org.springframework.security.web.access.ExceptionTranslationFilter@42e251c7, org.springframework.security.web.access.intercept.FilterSecurityInterceptor@4f070e5c]
2020-06-03 14:11:14.830  INFO 9688 --- [    Test worker] o.s.s.concurrent.ThreadPoolTaskExecutor  : Initializing ExecutorService 'applicationTaskExecutor'
2020-06-03 14:11:15.048  WARN 9688 --- [    Test worker] aWebConfiguration$JpaWebMvcConfiguration : spring.jpa.open-in-view is enabled by default. Therefore, database queries may be performed during view rendering. Explicitly configure spring.jpa.open-in-view to disable this warning
2020-06-03 14:11:15.272  INFO 9688 --- [    Test worker] o.s.b.a.w.s.WelcomePageHandlerMapping    : Adding welcome page template: index
2020-06-03 14:11:16.583  INFO 9688 --- [    Test worker] s.a.ScheduledAnnotationBeanPostProcessor : No TaskScheduler/ScheduledExecutorService bean found for scheduled processing
2020-06-03 14:11:16.608  INFO 9688 --- [    Test worker] c.z.b.s.d.posts.PostsRepositoryTest      : Started PostsRepositoryTest in 17.032 seconds (JVM running for 22.037)
Hibernate: insert into posts (created_date, modified_date, author, content, title) values (?, ?, ?, ?, ?)
Hibernate: select posts0_.id as id1_0_, posts0_.created_date as created_2_0_, posts0_.modified_date as modified3_0_, posts0_.author as author4_0_, posts0_.content as content5_0_, posts0_.title as title6_0_ from posts posts0_
>>>>>>>>  createDate = 2020-06-03T14:11:16.882, modefiedDate = 2020-06-03T14:11:16.882
Hibernate: select posts0_.id as id1_0_, posts0_.created_date as created_2_0_, posts0_.modified_date as modified3_0_, posts0_.author as author4_0_, posts0_.content as content5_0_, posts0_.title as title6_0_ from posts posts0_
Hibernate: delete from posts where id=?
Hibernate: insert into posts (created_date, modified_date, author, content, title) values (?, ?, ?, ?, ?)
Hibernate: select posts0_.id as id1_0_, posts0_.created_date as created_2_0_, posts0_.modified_date as modified3_0_, posts0_.author as author4_0_, posts0_.content as content5_0_, posts0_.title as title6_0_ from posts posts0_
Hibernate: select posts0_.id as id1_0_, posts0_.created_date as created_2_0_, posts0_.modified_date as modified3_0_, posts0_.author as author4_0_, posts0_.content as content5_0_, posts0_.title as title6_0_ from posts posts0_
Hibernate: delete from posts where id=?
]]></system-out>
  <system-err><![CDATA[]]></system-err>
</testsuite>
