<?xml version="1.0" encoding="UTF-8"?>
<testsuite name="com.znzn.book.springboot.web.HelloControllerTest" tests="2" skipped="0" failures="0" errors="0" timestamp="2020-06-03T05:11:19" hostname="DESKTOP-RO1RAIN" time="0.364">
  <properties/>
  <testcase name="hello가_리턴된다" classname="com.znzn.book.springboot.web.HelloControllerTest" time="0.183"/>
  <testcase name="helloDto가_리턴된다" classname="com.znzn.book.springboot.web.HelloControllerTest" time="0.177"/>
  <system-out><![CDATA[2020-06-03 14:11:17.356  INFO 9688 --- [    Test worker] .b.t.a.w.s.WebMvcTestContextBootstrapper : Neither @ContextConfiguration nor @ContextHierarchy found for test class [com.znzn.book.springboot.web.HelloControllerTest], using SpringBootContextLoader
2020-06-03 14:11:17.358  INFO 9688 --- [    Test worker] o.s.t.c.support.AbstractContextLoader    : Could not detect default resource locations for test class [com.znzn.book.springboot.web.HelloControllerTest]: no resource found for suffixes {-context.xml, Context.groovy}.
2020-06-03 14:11:17.360  INFO 9688 --- [    Test worker] t.c.s.AnnotationConfigContextLoaderUtils : Could not detect default configuration classes for test class [com.znzn.book.springboot.web.HelloControllerTest]: HelloControllerTest does not declare any static, non-private, non-final, nested classes annotated with @Configuration.
2020-06-03 14:11:17.443  INFO 9688 --- [    Test worker] .b.t.c.SpringBootTestContextBootstrapper : Found @SpringBootConfiguration com.znzn.book.springboot.Application for test class com.znzn.book.springboot.web.HelloControllerTest
2020-06-03 14:11:17.476  INFO 9688 --- [    Test worker] .b.t.a.w.s.WebMvcTestContextBootstrapper : Loaded default TestExecutionListener class names from location [META-INF/spring.factories]: [org.springframework.security.test.context.support.WithSecurityContextTestExecutionListener, org.springframework.security.test.context.support.ReactorContextTestExecutionListener, org.springframework.boot.test.autoconfigure.restdocs.RestDocsTestExecutionListener, org.springframework.boot.test.autoconfigure.web.client.MockRestServiceServerResetTestExecutionListener, org.springframework.boot.test.autoconfigure.web.servlet.MockMvcPrintOnlyOnFailureTestExecutionListener, org.springframework.boot.test.autoconfigure.web.servlet.WebDriverTestExecutionListener, org.springframework.boot.test.mock.mockito.MockitoTestExecutionListener, org.springframework.boot.test.mock.mockito.ResetMocksTestExecutionListener, org.springframework.test.context.web.ServletTestExecutionListener, org.springframework.test.context.support.DirtiesContextBeforeModesTestExecutionListener, org.springframework.test.context.support.DependencyInjectionTestExecutionListener, org.springframework.test.context.support.DirtiesContextTestExecutionListener, org.springframework.test.context.transaction.TransactionalTestExecutionListener, org.springframework.test.context.jdbc.SqlScriptsTestExecutionListener]
2020-06-03 14:11:17.480  INFO 9688 --- [    Test worker] .b.t.a.w.s.WebMvcTestContextBootstrapper : Using TestExecutionListeners: [org.springframework.test.context.web.ServletTestExecutionListener@4c0712fe, org.springframework.test.context.support.DirtiesContextBeforeModesTestExecutionListener@4c37979e, org.springframework.boot.test.mock.mockito.MockitoTestExecutionListener@5b161fe5, org.springframework.boot.test.autoconfigure.SpringBootDependencyInjectionTestExecutionListener@595d4616, org.springframework.test.context.support.DirtiesContextTestExecutionListener@2d392f21, org.springframework.test.context.transaction.TransactionalTestExecutionListener@5d42c67f, org.springframework.test.context.jdbc.SqlScriptsTestExecutionListener@36400305, org.springframework.security.test.context.support.WithSecurityContextTestExecutionListener@51e9e2d, org.springframework.security.test.context.support.ReactorContextTestExecutionListener@61baf988, org.springframework.boot.test.autoconfigure.restdocs.RestDocsTestExecutionListener@2a00aafe, org.springframework.boot.test.autoconfigure.web.client.MockRestServiceServerResetTestExecutionListener@1c6edc90, org.springframework.boot.test.autoconfigure.web.servlet.MockMvcPrintOnlyOnFailureTestExecutionListener@6d70c6c6, org.springframework.boot.test.autoconfigure.web.servlet.WebDriverTestExecutionListener@5b301459, org.springframework.boot.test.mock.mockito.ResetMocksTestExecutionListener@7448029b]

  .   ____          _            __ _ _
 /\\ / ___'_ __ _ _(_)_ __  __ _ \ \ \ \
( ( )\___ | '_ | '_| | '_ \/ _` | \ \ \ \
 \\/  ___)| |_)| | | | | || (_| |  ) ) ) )
  '  |____| .__|_| |_|_| |_\__, | / / / /
 =========|_|==============|___/=/_/_/_/
 :: Spring Boot ::        (v2.1.7.RELEASE)

2020-06-03 14:11:17.569  INFO 9688 --- [    Test worker] c.z.b.s.web.HelloControllerTest          : Starting HelloControllerTest on DESKTOP-RO1RAIN with PID 9688 (started by n2soft_JUNG in D:\znzn9292\znzn01)
2020-06-03 14:11:17.575  INFO 9688 --- [    Test worker] c.z.b.s.web.HelloControllerTest          : No active profile set, falling back to default profiles: default
2020-06-03 14:11:18.519  INFO 9688 --- [    Test worker] o.s.s.concurrent.ThreadPoolTaskExecutor  : Initializing ExecutorService 'applicationTaskExecutor'
2020-06-03 14:11:18.582  INFO 9688 --- [    Test worker] o.s.b.a.w.s.WelcomePageHandlerMapping    : Adding welcome page template: index
2020-06-03 14:11:19.031  INFO 9688 --- [    Test worker] .s.s.UserDetailsServiceAutoConfiguration : 

Using generated security password: 49f57d0f-018a-4200-a910-6f62241de8d3

2020-06-03 14:11:19.387  INFO 9688 --- [    Test worker] o.s.s.web.DefaultSecurityFilterChain     : Creating filter chain: any request, [org.springframework.security.web.context.request.async.WebAsyncManagerIntegrationFilter@397202ef, org.springframework.security.web.context.SecurityContextPersistenceFilter@7e16a7e3, org.springframework.security.web.header.HeaderWriterFilter@7d1a9715, org.springframework.security.web.csrf.CsrfFilter@b054ed1, org.springframework.security.web.authentication.logout.LogoutFilter@4431b868, org.springframework.security.web.authentication.UsernamePasswordAuthenticationFilter@39d93a94, org.springframework.security.web.authentication.ui.DefaultLoginPageGeneratingFilter@7a8a61ca, org.springframework.security.web.authentication.ui.DefaultLogoutPageGeneratingFilter@16827bf9, org.springframework.security.web.authentication.www.BasicAuthenticationFilter@646aec95, org.springframework.security.web.savedrequest.RequestCacheAwareFilter@4eb9e945, org.springframework.security.web.servletapi.SecurityContextHolderAwareRequestFilter@67b26db8, org.springframework.security.web.authentication.AnonymousAuthenticationFilter@253f33f8, org.springframework.security.web.session.SessionManagementFilter@5c482da1, org.springframework.security.web.access.ExceptionTranslationFilter@646a9eaa, org.springframework.security.web.access.intercept.FilterSecurityInterceptor@34e0b5a0]
2020-06-03 14:11:19.554  INFO 9688 --- [    Test worker] o.s.b.t.m.w.SpringBootMockServletContext : Initializing Spring TestDispatcherServlet ''
2020-06-03 14:11:19.558  INFO 9688 --- [    Test worker] o.s.t.web.servlet.TestDispatcherServlet  : Initializing Servlet ''
2020-06-03 14:11:19.593  INFO 9688 --- [    Test worker] o.s.t.web.servlet.TestDispatcherServlet  : Completed initialization in 33 ms
2020-06-03 14:11:19.654  INFO 9688 --- [    Test worker] c.z.b.s.web.HelloControllerTest          : Started HelloControllerTest in 2.169 seconds (JVM running for 25.084)
]]></system-out>
  <system-err><![CDATA[]]></system-err>
</testsuite>
