<?xml version="1.0" encoding="UTF-8"?>
<testsuite name="com.znzn.book.springboot.web.IndexControllerTest" tests="1" skipped="0" failures="0" errors="0" timestamp="2020-06-03T05:11:26" hostname="DESKTOP-RO1RAIN" time="0.431">
  <properties/>
  <testcase name="메인페이지_로딩" classname="com.znzn.book.springboot.web.IndexControllerTest" time="0.431"/>
  <system-out><![CDATA[2020-06-03 14:11:20.033  INFO 9688 --- [    Test worker] .b.t.c.SpringBootTestContextBootstrapper : Neither @ContextConfiguration nor @ContextHierarchy found for test class [com.znzn.book.springboot.web.IndexControllerTest], using SpringBootContextLoader
2020-06-03 14:11:20.035  INFO 9688 --- [    Test worker] o.s.t.c.support.AbstractContextLoader    : Could not detect default resource locations for test class [com.znzn.book.springboot.web.IndexControllerTest]: no resource found for suffixes {-context.xml, Context.groovy}.
2020-06-03 14:11:20.036  INFO 9688 --- [    Test worker] t.c.s.AnnotationConfigContextLoaderUtils : Could not detect default configuration classes for test class [com.znzn.book.springboot.web.IndexControllerTest]: IndexControllerTest does not declare any static, non-private, non-final, nested classes annotated with @Configuration.
2020-06-03 14:11:20.039  INFO 9688 --- [    Test worker] .b.t.c.SpringBootTestContextBootstrapper : Found @SpringBootConfiguration com.znzn.book.springboot.Application for test class com.znzn.book.springboot.web.IndexControllerTest
2020-06-03 14:11:20.045  INFO 9688 --- [    Test worker] .b.t.c.SpringBootTestContextBootstrapper : Loaded default TestExecutionListener class names from location [META-INF/spring.factories]: [org.springframework.security.test.context.support.WithSecurityContextTestExecutionListener, org.springframework.security.test.context.support.ReactorContextTestExecutionListener, org.springframework.boot.test.autoconfigure.restdocs.RestDocsTestExecutionListener, org.springframework.boot.test.autoconfigure.web.client.MockRestServiceServerResetTestExecutionListener, org.springframework.boot.test.autoconfigure.web.servlet.MockMvcPrintOnlyOnFailureTestExecutionListener, org.springframework.boot.test.autoconfigure.web.servlet.WebDriverTestExecutionListener, org.springframework.boot.test.mock.mockito.MockitoTestExecutionListener, org.springframework.boot.test.mock.mockito.ResetMocksTestExecutionListener, org.springframework.test.context.web.ServletTestExecutionListener, org.springframework.test.context.support.DirtiesContextBeforeModesTestExecutionListener, org.springframework.test.context.support.DependencyInjectionTestExecutionListener, org.springframework.test.context.support.DirtiesContextTestExecutionListener, org.springframework.test.context.transaction.TransactionalTestExecutionListener, org.springframework.test.context.jdbc.SqlScriptsTestExecutionListener]
2020-06-03 14:11:20.056  INFO 9688 --- [    Test worker] .b.t.c.SpringBootTestContextBootstrapper : Using TestExecutionListeners: [org.springframework.test.context.web.ServletTestExecutionListener@47fc80bc, org.springframework.test.context.support.DirtiesContextBeforeModesTestExecutionListener@67daa824, org.springframework.boot.test.mock.mockito.MockitoTestExecutionListener@39d1f9b5, org.springframework.boot.test.autoconfigure.SpringBootDependencyInjectionTestExecutionListener@15a05506, org.springframework.test.context.support.DirtiesContextTestExecutionListener@367ace6e, org.springframework.test.context.transaction.TransactionalTestExecutionListener@453db0d, org.springframework.test.context.jdbc.SqlScriptsTestExecutionListener@32798663, org.springframework.security.test.context.support.WithSecurityContextTestExecutionListener@2566fd4f, org.springframework.security.test.context.support.ReactorContextTestExecutionListener@458f5e33, org.springframework.boot.test.autoconfigure.restdocs.RestDocsTestExecutionListener@5f1e6e3c, org.springframework.boot.test.autoconfigure.web.client.MockRestServiceServerResetTestExecutionListener@212ab122, org.springframework.boot.test.autoconfigure.web.servlet.MockMvcPrintOnlyOnFailureTestExecutionListener@3334bccd, org.springframework.boot.test.autoconfigure.web.servlet.WebDriverTestExecutionListener@c75125e, org.springframework.boot.test.mock.mockito.ResetMocksTestExecutionListener@20b6e262]

  .   ____          _            __ _ _
 /\\ / ___'_ __ _ _(_)_ __  __ _ \ \ \ \
( ( )\___ | '_ | '_| | '_ \/ _` | \ \ \ \
 \\/  ___)| |_)| | | | | || (_| |  ) ) ) )
  '  |____| .__|_| |_|_| |_\__, | / / / /
 =========|_|==============|___/=/_/_/_/
 :: Spring Boot ::        (v2.1.7.RELEASE)

2020-06-03 14:11:20.131  INFO 9688 --- [    Test worker] c.z.b.s.web.IndexControllerTest          : Starting IndexControllerTest on DESKTOP-RO1RAIN with PID 9688 (started by n2soft_JUNG in D:\znzn9292\znzn01)
2020-06-03 14:11:20.133  INFO 9688 --- [    Test worker] c.z.b.s.web.IndexControllerTest          : No active profile set, falling back to default profiles: default
2020-06-03 14:11:20.594  INFO 9688 --- [    Test worker] .s.d.r.c.RepositoryConfigurationDelegate : Bootstrapping Spring Data repositories in DEFAULT mode.
2020-06-03 14:11:20.689  INFO 9688 --- [    Test worker] .s.d.r.c.RepositoryConfigurationDelegate : Finished Spring Data repository scanning in 95ms. Found 2 repository interfaces.
2020-06-03 14:11:21.079  INFO 9688 --- [    Test worker] trationDelegate$BeanPostProcessorChecker : Bean 'org.springframework.transaction.annotation.ProxyTransactionManagementConfiguration' of type [org.springframework.transaction.annotation.ProxyTransactionManagementConfiguration$$EnhancerBySpringCGLIB$$3863c237] is not eligible for getting processed by all BeanPostProcessors (for example: not eligible for auto-proxying)
2020-06-03 14:11:21.959  INFO 9688 --- [    Test worker] o.s.b.w.embedded.tomcat.TomcatWebServer  : Tomcat initialized with port(s): 0 (http)
2020-06-03 14:11:22.072  INFO 9688 --- [    Test worker] o.apache.catalina.core.StandardService   : Starting service [Tomcat]
2020-06-03 14:11:22.073  INFO 9688 --- [    Test worker] org.apache.catalina.core.StandardEngine  : Starting Servlet engine: [Apache Tomcat/9.0.22]
2020-06-03 14:11:22.963  INFO 9688 --- [    Test worker] o.a.c.c.C.[Tomcat].[localhost].[/]       : Initializing Spring embedded WebApplicationContext
2020-06-03 14:11:22.963  INFO 9688 --- [    Test worker] o.s.web.context.ContextLoader            : Root WebApplicationContext: initialization completed in 2824 ms
2020-06-03 14:11:23.480  INFO 9688 --- [    Test worker] com.zaxxer.hikari.HikariDataSource       : HikariPool-2 - Starting...
2020-06-03 14:11:23.483  INFO 9688 --- [    Test worker] com.zaxxer.hikari.HikariDataSource       : HikariPool-2 - Start completed.
2020-06-03 14:11:23.563  INFO 9688 --- [    Test worker] o.hibernate.jpa.internal.util.LogHelper  : HHH000204: Processing PersistenceUnitInfo [
	name: default
	...]
2020-06-03 14:11:23.582  INFO 9688 --- [    Test worker] org.hibernate.dialect.Dialect            : HHH000400: Using dialect: org.hibernate.dialect.MySQL5InnoDBDialect
Hibernate: drop table if exists posts
Hibernate: drop table if exists user
Hibernate: create table posts (id bigint not null auto_increment, created_date datetime, modified_date datetime, author varchar(255), content TEXT not null, title varchar(500) not null, primary key (id)) engine=InnoDB
Hibernate: create table user (id bigint not null auto_increment, created_date datetime, modified_date datetime, email varchar(255) not null, name varchar(255) not null, picture varchar(255), role varchar(255) not null, primary key (id)) engine=InnoDB
2020-06-03 14:11:23.699  INFO 9688 --- [    Test worker] o.h.t.schema.internal.SchemaCreatorImpl  : HHH000476: Executing import script 'org.hibernate.tool.schema.internal.exec.ScriptSourceInputNonExistentImpl@3cc80f1a'
2020-06-03 14:11:23.715  INFO 9688 --- [    Test worker] j.LocalContainerEntityManagerFactoryBean : Initialized JPA EntityManagerFactory for persistence unit 'default'
2020-06-03 14:11:24.633  INFO 9688 --- [    Test worker] o.h.h.i.QueryTranslatorFactoryInitiator  : HHH000397: Using ASTQueryTranslatorFactory
2020-06-03 14:11:24.936  INFO 9688 --- [    Test worker] o.s.s.web.DefaultSecurityFilterChain     : Creating filter chain: any request, [org.springframework.security.web.context.request.async.WebAsyncManagerIntegrationFilter@2b5863f5, org.springframework.security.web.context.SecurityContextPersistenceFilter@57f01c53, org.springframework.security.web.header.HeaderWriterFilter@36b75316, org.springframework.security.web.authentication.logout.LogoutFilter@69c9fdd, org.springframework.security.oauth2.client.web.OAuth2AuthorizationRequestRedirectFilter@25d61831, org.springframework.security.oauth2.client.web.OAuth2LoginAuthenticationFilter@72445147, org.springframework.security.web.authentication.ui.DefaultLoginPageGeneratingFilter@51d90331, org.springframework.security.web.authentication.ui.DefaultLogoutPageGeneratingFilter@481a0ab9, org.springframework.security.web.savedrequest.RequestCacheAwareFilter@62aa3034, org.springframework.security.web.servletapi.SecurityContextHolderAwareRequestFilter@6e09f094, org.springframework.security.web.authentication.AnonymousAuthenticationFilter@5d18841b, org.springframework.security.web.session.SessionManagementFilter@3a20a9e5, org.springframework.security.web.access.ExceptionTranslationFilter@1b25d940, org.springframework.security.web.access.intercept.FilterSecurityInterceptor@33ca1d6a]
2020-06-03 14:11:25.450  INFO 9688 --- [    Test worker] o.s.s.concurrent.ThreadPoolTaskExecutor  : Initializing ExecutorService 'applicationTaskExecutor'
2020-06-03 14:11:25.478  WARN 9688 --- [    Test worker] aWebConfiguration$JpaWebMvcConfiguration : spring.jpa.open-in-view is enabled by default. Therefore, database queries may be performed during view rendering. Explicitly configure spring.jpa.open-in-view to disable this warning
2020-06-03 14:11:25.540  INFO 9688 --- [    Test worker] o.s.b.a.w.s.WelcomePageHandlerMapping    : Adding welcome page template: index
2020-06-03 14:11:26.193  INFO 9688 --- [    Test worker] s.a.ScheduledAnnotationBeanPostProcessor : No TaskScheduler/ScheduledExecutorService bean found for scheduled processing
2020-06-03 14:11:26.240  INFO 9688 --- [    Test worker] o.s.b.w.embedded.tomcat.TomcatWebServer  : Tomcat started on port(s): 58226 (http) with context path ''
2020-06-03 14:11:26.247  INFO 9688 --- [    Test worker] c.z.b.s.web.IndexControllerTest          : Started IndexControllerTest in 6.186 seconds (JVM running for 31.677)
2020-06-03 14:11:26.483  INFO 9688 --- [o-auto-1-exec-1] o.a.c.c.C.[Tomcat].[localhost].[/]       : Initializing Spring DispatcherServlet 'dispatcherServlet'
2020-06-03 14:11:26.484  INFO 9688 --- [o-auto-1-exec-1] o.s.web.servlet.DispatcherServlet        : Initializing Servlet 'dispatcherServlet'
2020-06-03 14:11:26.551  INFO 9688 --- [o-auto-1-exec-1] o.s.web.servlet.DispatcherServlet        : Completed initialization in 67 ms
Hibernate: select posts0_.id as id1_0_, posts0_.created_date as created_2_0_, posts0_.modified_date as modified3_0_, posts0_.author as author4_0_, posts0_.content as content5_0_, posts0_.title as title6_0_ from posts posts0_ order by posts0_.id DESC
]]></system-out>
  <system-err><![CDATA[]]></system-err>
</testsuite>
